This is XeTeX, Version 3.14159265-2.6-0.99996 (MiKTeX 2.9 64-bit) (preloaded format=xelatex 2016.10.31)  31 OCT 2016 12:47
entering extended mode
**./manual-tul.tex
(manual-tul.tex
LaTeX2e <2016/03/31> patch level 3
Babel <3.9r> and hyphenation patterns for 75 language(s) loaded.
("C:\Program Files\MiKTeX 2.9\tex\latex\base\article.cls"
Document Class: article 2014/09/29 v1.4h Standard LaTeX document class
("C:\Program Files\MiKTeX 2.9\tex\latex\base\size12.clo"
File: size12.clo 2014/09/29 v1.4h Standard LaTeX file (size option)
)
\c@part=\count79
\c@section=\count80
\c@subsection=\count81
\c@subsubsection=\count82
\c@paragraph=\count83
\c@subparagraph=\count84
\c@figure=\count85
\c@table=\count86
\abovecaptionskip=\skip41
\belowcaptionskip=\skip42
\bibindent=\dimen102
)
("C:\Program Files\MiKTeX 2.9\tex\latex\polyglossia\polyglossia.sty"
Package: polyglossia 2015/03/25 v1.42.4 Alternative to Babel for XeLaTeX and Lu
aLaTeX

("C:\Program Files\MiKTeX 2.9\tex\latex\etoolbox\etoolbox.sty"
Package: etoolbox 2015/08/02 v2.2a e-TeX tools for LaTeX (JAW)
\etb@tempcnta=\count87
)
("C:\Program Files\MiKTeX 2.9\tex\latex\makecmds\makecmds.sty"
Package: makecmds 2009/09/03 v1.0a extra command making commands
)
("C:\Program Files\MiKTeX 2.9\tex\latex\xkeyval\xkeyval.sty"
Package: xkeyval 2014/12/03 v2.7a package option processing (HA)

("C:\Program Files\MiKTeX 2.9\tex\generic\xkeyval\xkeyval.tex"
("C:\Program Files\MiKTeX 2.9\tex\generic\xkeyval\xkvutils.tex"
\XKV@toks=\toks14
\XKV@tempa@toks=\toks15

("C:\Program Files\MiKTeX 2.9\tex\generic\xkeyval\keyval.tex"))
\XKV@depth=\count88
File: xkeyval.tex 2014/12/03 v2.7a key=value parser (HA)
))
("C:\Program Files\MiKTeX 2.9\tex\latex\fontspec\fontspec.sty"
("C:\Program Files\MiKTeX 2.9\tex\latex\l3kernel\expl3.sty"
Package: expl3 2016/10/19 v6730 L3 programming layer (loader) 

("C:\Program Files\MiKTeX 2.9\tex\latex\l3kernel\expl3-code.tex"
Package: expl3 2016/10/19 v6730 L3 programming layer (code)
L3 Module: l3bootstrap 2016/06/13 v6596 L3 Bootstrap code
L3 Module: l3names 2016/10/13 v6722 L3 Namespace for primitives
L3 Module: l3basics 2016/09/01 v6696 L3 Basic definitions
L3 Module: l3expan 2016/08/19 v6684 L3 Argument expansion
L3 Module: l3tl 2016/08/19 v6692 L3 Token lists
L3 Module: l3str 2016/08/19 v6692 L3 Strings
L3 Module: l3seq 2016/08/19 v6685 L3 Sequences and stacks
L3 Module: l3int 2016/09/07 v6700 L3 Integers
\c_max_int=\count89
\l_tmpa_int=\count90
\l_tmpb_int=\count91
\g_tmpa_int=\count92
\g_tmpb_int=\count93
L3 Module: l3quark 2016/08/19 v6685 L3 Quarks
L3 Module: l3prg 2016/08/18 v6679 L3 Control structures
\g__prg_map_int=\count94
L3 Module: l3clist 2016/08/19 v6685 L3 Comma separated lists
L3 Module: l3token 2016/09/01 v6695 L3 Experimental token manipulation
L3 Module: l3prop 2016/08/19 v6685 L3 Property lists
L3 Module: l3msg 2016/08/19 v6691 L3 Messages
L3 Module: l3file 2016/08/19 v6685 L3 File and I/O operations
\l_iow_line_count_int=\count95
\l__iow_target_count_int=\count96
\l__iow_current_line_int=\count97
\l__iow_current_word_int=\count98
\l__iow_current_indentation_int=\count99
L3 Module: l3skip 2016/08/19 v6692 L3 Dimensions and skips
\c_zero_dim=\dimen103
\c_max_dim=\dimen104
\l_tmpa_dim=\dimen105
\l_tmpb_dim=\dimen106
\g_tmpa_dim=\dimen107
\g_tmpb_dim=\dimen108
\c_zero_skip=\skip43
\c_max_skip=\skip44
\l_tmpa_skip=\skip45
\l_tmpb_skip=\skip46
\g_tmpa_skip=\skip47
\g_tmpb_skip=\skip48
\c_zero_muskip=\muskip10
\c_max_muskip=\muskip11
\l_tmpa_muskip=\muskip12
\l_tmpb_muskip=\muskip13
\g_tmpa_muskip=\muskip14
\g_tmpb_muskip=\muskip15
L3 Module: l3keys 2016/09/21 v6711 L3 Key-value interfaces
\l_keys_choice_int=\count100
L3 Module: l3fp 2016/08/19 v6685 L3 Floating points
\c__fp_leading_shift_int=\count101
\c__fp_middle_shift_int=\count102
\c__fp_trailing_shift_int=\count103
\c__fp_big_leading_shift_int=\count104
\c__fp_big_middle_shift_int=\count105
\c__fp_big_trailing_shift_int=\count106
\c__fp_Bigg_leading_shift_int=\count107
\c__fp_Bigg_middle_shift_int=\count108
\c__fp_Bigg_trailing_shift_int=\count109
L3 Module: l3box 2016/08/19 v6685 L3 Experimental boxes
\c_empty_box=\box26
\l_tmpa_box=\box27
\l_tmpb_box=\box28
\g_tmpa_box=\box29
\g_tmpb_box=\box30
L3 Module: l3coffins 2016/08/19 v6685 L3 Coffin code layer
\l__coffin_internal_box=\box31
\l__coffin_internal_dim=\dimen109
\l__coffin_offset_x_dim=\dimen110
\l__coffin_offset_y_dim=\dimen111
\l__coffin_x_dim=\dimen112
\l__coffin_y_dim=\dimen113
\l__coffin_x_prime_dim=\dimen114
\l__coffin_y_prime_dim=\dimen115
\c_empty_coffin=\box32
\l__coffin_aligned_coffin=\box33
\l__coffin_aligned_internal_coffin=\box34
\l_tmpa_coffin=\box35
\l_tmpb_coffin=\box36
\l__coffin_display_coffin=\box37
\l__coffin_display_coord_coffin=\box38
\l__coffin_display_pole_coffin=\box39
\l__coffin_display_offset_dim=\dimen116
\l__coffin_display_x_dim=\dimen117
\l__coffin_display_y_dim=\dimen118
L3 Module: l3color 2016/06/13 v6596 L3 Experimental color support
L3 Module: l3sys 2015/09/25 v6087 L3 Experimental system/runtime functions
L3 Module: l3candidates 2016/08/19 v6688 L3 Experimental additions to l3kernel
\l__box_top_dim=\dimen119
\l__box_bottom_dim=\dimen120
\l__box_left_dim=\dimen121
\l__box_right_dim=\dimen122
\l__box_top_new_dim=\dimen123
\l__box_bottom_new_dim=\dimen124
\l__box_left_new_dim=\dimen125
\l__box_right_new_dim=\dimen126
\l__box_internal_box=\box40
\l__coffin_bounding_shift_dim=\dimen127
\l__coffin_left_corner_dim=\dimen128
\l__coffin_right_corner_dim=\dimen129
\l__coffin_bottom_corner_dim=\dimen130
\l__coffin_top_corner_dim=\dimen131
\l__coffin_scaled_total_height_dim=\dimen132
\l__coffin_scaled_width_dim=\dimen133
L3 Module: l3luatex 2016/08/18 v6679 L3 Experimental LuaTeX-specific functions
)
("C:\Program Files\MiKTeX 2.9\tex\latex\l3kernel\l3xdvipdfmx.def"
File: l3xdvidpfmx.def 2016/08/18 v6679 L3 Experimental driver: xdvipdfmx
\l__driver_tmp_box=\box41
))
("C:\Program Files\MiKTeX 2.9\tex\latex\l3packages\xparse\xparse.sty"
Package: xparse 2016/10/19 v6730 L3 Experimental document command parser
\l__xparse_current_arg_int=\count110
\l__xparse_m_args_int=\count111
\l__xparse_mandatory_args_int=\count112
\l__xparse_processor_int=\count113
\l__xparse_v_nesting_int=\count114
)
Package: fontspec 2016/02/01 v2.5a Font selection for XeLaTeX and LuaLaTeX

("C:\Program Files\MiKTeX 2.9\tex\latex\fontspec\fontspec-xetex.sty"
Package: fontspec-xetex 2016/02/01 v2.5a Font selection for XeLaTeX and LuaLaTe
X
\l_fontspec_script_int=\count115
\l_fontspec_language_int=\count116
\l_fontspec_strnum_int=\count117
\l__fontspec_tmpa_dim=\dimen134
\l__fontspec_tmpb_dim=\dimen135
\l__fontspec_tmpc_dim=\dimen136
\g__file_internal_ior=\read1

("C:\Program Files\MiKTeX 2.9\tex\latex\base\fontenc.sty"
Package: fontenc 2016/06/19 v1.99m Standard LaTeX package

("C:\Program Files\MiKTeX 2.9\tex\latex\euenc\eu1enc.def"
File: eu1enc.def 2010/05/27 v0.1h Experimental Unicode font encodings
)
LaTeX Font Info:    Try loading font information for EU1+lmr on input line 105.


("C:\Program Files\MiKTeX 2.9\tex\latex\euenc\eu1lmr.fd"
File: eu1lmr.fd 2009/10/30 v1.6 Font defs for Latin Modern
))
("C:\Program Files\MiKTeX 2.9\tex\xelatex\xunicode\xunicode.sty"
File: xunicode.sty 2011/09/09 v0.981 provides access to latin accents and many 
other characters in Unicode lower plane

("C:\Program Files\MiKTeX 2.9\tex\latex\tipa\t3enc.def"
File: t3enc.def 2001/12/31 T3 encoding
LaTeX Font Info:    Try loading font information for EU1+lmss on input line 357
.

("C:\Program Files\MiKTeX 2.9\tex\latex\euenc\eu1lmss.fd"
File: eu1lmss.fd 2009/10/30 v1.6 Font defs for Latin Modern
))
\tipaTiiicode=\count118
\tipasavetokens=\toks16
\tipachecktokens=\toks17

("C:\Program Files\MiKTeX 2.9\tex\latex\graphics\graphicx.sty"
Package: graphicx 2014/10/28 v1.0g Enhanced LaTeX Graphics (DPC,SPQR)

("C:\Program Files\MiKTeX 2.9\tex\latex\graphics\graphics.sty"
Package: graphics 2016/07/10 v1.0t Standard LaTeX Graphics (DPC,SPQR)

("C:\Program Files\MiKTeX 2.9\tex\latex\graphics\trig.sty"
Package: trig 2016/01/03 v1.10 sin cos tan (DPC)
)
("C:\Program Files\MiKTeX 2.9\tex\latex\00miktex\graphics.cfg"
File: graphics.cfg 2016/06/04 v1.11 sample graphics configuration
)
Package graphics Info: Driver file: xetex.def on input line 99.

("C:\Program Files\MiKTeX 2.9\tex\latex\graphics-def\xetex.def"
File: xetex.def 2016/07/11 v4.10 LaTeX color/graphics driver for XeTeX (L3/RRM/
JK)
))
\Gin@req@height=\dimen137
\Gin@req@width=\dimen138
))
.................................................
. LaTeX info: "xparse/define-command"
. 
. Defining command \__fontspec_post_arg:w with sig. 'mmO{}' on line 353.
.................................................
.................................................
. LaTeX info: "xparse/define-command"
. 
. Defining command \fontspec with sig. 'om' on line 355.
.................................................
.................................................
. LaTeX info: "xparse/define-command"
. 
. Defining command \setmainfont with sig. 'om' on line 365.
.................................................
.................................................
. LaTeX info: "xparse/define-command"
. 
. Defining command \setsansfont with sig. 'om' on line 375.
.................................................
.................................................
. LaTeX info: "xparse/define-command"
. 
. Defining command \setmonofont with sig. 'om' on line 385.
.................................................
.................................................
. LaTeX info: "xparse/define-command"
. 
. Defining command \setmathrm with sig. 'om' on line 399.
.................................................
.................................................
. LaTeX info: "xparse/define-command"
. 
. Defining command \setboldmathrm with sig. 'om' on line 407.
.................................................
.................................................
. LaTeX info: "xparse/define-command"
. 
. Defining command \setmathsf with sig. 'om' on line 415.
.................................................
.................................................
. LaTeX info: "xparse/define-command"
. 
. Defining command \setmathtt with sig. 'om' on line 423.
.................................................
.................................................
. LaTeX info: "xparse/define-command"
. 
. Defining command \newfontfamily with sig. 'mom' on line 437.
.................................................
.................................................
. LaTeX info: "xparse/define-command"
. 
. Defining command \newfontface with sig. 'mom' on line 453.
.................................................
.................................................
. LaTeX info: "xparse/define-command"
. 
. Defining command \defaultfontfeatures with sig. 't+om' on line 467.
.................................................
.................................................
. LaTeX info: "xparse/define-command"
. 
. Defining command \addfontfeatures with sig. 'm' on line 529.
.................................................
.................................................
. LaTeX info: "xparse/define-command"
. 
. Defining command \newfontfeature with sig. 'mm' on line 540.
.................................................
.................................................
. LaTeX info: "xparse/define-command"
. 
. Defining command \newAATfeature with sig. 'mmmm' on line 548.
.................................................
.................................................
. LaTeX info: "xparse/define-command"
. 
. Defining command \newopentypefeature with sig. 'mmm' on line 556.
.................................................
.................................................
. LaTeX info: "xparse/define-command"
. 
. Defining command \aliasfontfeature with sig. 'mm' on line 577.
.................................................
.................................................
. LaTeX info: "xparse/define-command"
. 
. Defining command \aliasfontfeatureoption with sig. 'mmm' on line 586.
.................................................
.................................................
. LaTeX info: "xparse/define-command"
. 
. Defining command \newfontscript with sig. 'mm' on line 590.
.................................................
.................................................
. LaTeX info: "xparse/define-command"
. 
. Defining command \newfontlanguage with sig. 'mm' on line 594.
.................................................
.................................................
. LaTeX info: "xparse/define-command"
. 
. Defining command \DeclareFontsExtensions with sig. 'm' on line 599.
.................................................
\l__fontspec_tmp_int=\count119

("C:\Program Files\MiKTeX 2.9\tex\latex\fontspec\fontspec.cfg")
LaTeX Info: Redefining \itshape on input line 2705.
LaTeX Info: Redefining \slshape on input line 2710.
LaTeX Info: Redefining \scshape on input line 2715.
LaTeX Info: Redefining \upshape on input line 2720.
\l__fontspec_em_int=\count120
\l__fontspec_emdef_int=\count121
LaTeX Info: Redefining \em on input line 2736.
LaTeX Info: Redefining \emph on input line 2742.
LaTeX Info: Redefining \- on input line 2746.
.................................................
. LaTeX info: "xparse/redefine-command"
. 
. Redefining command \oldstylenums with sig. 'm' on line 2841.
.................................................
.................................................
. LaTeX info: "xparse/define-command"
. 
. Defining command \liningnums with sig. 'm' on line 2845.
.................................................
))
("C:\Program Files\MiKTeX 2.9\tex\generic\oberdiek\ifluatex.sty"
Package: ifluatex 2016/05/16 v1.4 Provides the ifluatex switch (HO)
Package ifluatex Info: LuaTeX not detected.
)
("C:\Program Files\MiKTeX 2.9\tex\generic\ifxetex\ifxetex.sty"
Package: ifxetex 2010/09/12 v0.6 Provides ifxetex conditional
)
\xpg@normalclass=\XeTeXcharclass1
)
("C:\Program Files\MiKTeX 2.9\tex\latex\polyglossia\gloss-czech.ldf"
File: gloss-czech.ldf polyglossia: module for czech
)
Package polyglossia Info: Default language is czech.

("C:\Program Files\MiKTeX 2.9\tex\latex\xltxtra\xltxtra.sty"
Package: xltxtra 2016/01/21 v0.6 Improvements for the "XeLaTeX" format

("C:\Program Files\MiKTeX 2.9\tex\latex\realscripts\realscripts.sty"
Package: realscripts 2016/02/13 v0.3d Access OpenType subscripts and superscrip
ts
.................................................
. LaTeX info: "xparse/define-command"
. 
. Defining command \fakesubscript with sig. 'm' on line 19.
.................................................
.................................................
. LaTeX info: "xparse/define-command"
. 
. Defining command \fakesuperscript with sig. 'm' on line 22.
.................................................
.................................................
. LaTeX info: "xparse/redefine-command"
. 
. Redefining command \textsubscript with sig. 's' on line 25.
.................................................
.................................................
. LaTeX info: "xparse/redefine-command"
. 
. Redefining command \textsuperscript with sig. 's' on line 28.
.................................................
.................................................
. LaTeX info: "xparse/define-command"
. 
. Defining command \realsubscript with sig. 'm' on line 45.
.................................................
.................................................
. LaTeX info: "xparse/define-command"
. 
. Defining command \realsuperscript with sig. 'm' on line 60.
.................................................
.................................................
. LaTeX info: "xparse/define-command"
. 
. Defining command \textsubsuperscript with sig. 'sO{l}mm' on line 138.
.................................................
.................................................
. LaTeX info: "xparse/define-command"
. 
. Defining command \textsupersubscript with sig. 'sO{l}mm' on line 143.
.................................................
\subsupersep=\dimen139
)
("C:\Program Files\MiKTeX 2.9\tex\latex\metalogo\metalogo.sty"
Package: metalogo 2010/05/29 v0.12 Extended TeX logo macros
\xl@everylogo=\toks18
\xl@@everylogo=\toks19
LaTeX Info: Redefining \TeX on input line 193.
LaTeX Info: Redefining \LaTeX on input line 202.
LaTeX Info: Redefining \LaTeXe on input line 219.
)
\l__xetex_show_hyphens_wrapping_box=\box42
\l__xetex_show_hyphens_temp_box=\box43
\l__xetex_show_hyphens_final_box=\box44
\g__xetex_show_hyphens_word_box=\box45
)
("C:\Program Files\MiKTeX 2.9\tex\latex\tools\tabularx.sty"
Package: tabularx 2016/02/03 v2.11 `tabularx' package (DPC)

("C:\Program Files\MiKTeX 2.9\tex\latex\tools\array.sty"
Package: array 2014/10/28 v2.4c Tabular extension package (FMi)
\col@sep=\dimen140
\extrarowheight=\dimen141
\NC@list=\toks20
\extratabsurround=\skip49
\backup@length=\skip50
)
\TX@col@width=\dimen142
\TX@old@table=\dimen143
\TX@old@col=\dimen144
\TX@target=\dimen145
\TX@delta=\dimen146
\TX@cols=\count122
\TX@ftn=\toks21
)
("C:\Program Files\MiKTeX 2.9\tex\latex\hyperref\hyperref.sty"
Package: hyperref 2016/06/24 v6.83q Hypertext links for LaTeX

("C:\Program Files\MiKTeX 2.9\tex\generic\oberdiek\hobsub-hyperref.sty"
Package: hobsub-hyperref 2016/05/16 v1.14 Bundle oberdiek, subset hyperref (HO)


("C:\Program Files\MiKTeX 2.9\tex\generic\oberdiek\hobsub-generic.sty"
Package: hobsub-generic 2016/05/16 v1.14 Bundle oberdiek, subset generic (HO)
Package: hobsub 2016/05/16 v1.14 Construct package bundles (HO)
Package: infwarerr 2016/05/16 v1.4 Providing info/warning/error messages (HO)
Package: ltxcmds 2016/05/16 v1.23 LaTeX kernel commands for general use (HO)
Package hobsub Info: Skipping package `ifluatex' (already loaded).
Package: ifvtex 2016/05/16 v1.6 Detect VTeX and its facilities (HO)
Package ifvtex Info: VTeX not detected.
Package: intcalc 2016/05/16 v1.2 Expandable calculations with integers (HO)
Package: ifpdf 2016/05/14 v3.1 Provides the ifpdf switch
Package: etexcmds 2016/05/16 v1.6 Avoid name clashes with e-TeX commands (HO)
Package etexcmds Info: Could not find \expanded.
(etexcmds)             That can mean that you are not using pdfTeX 1.50 or
(etexcmds)             that some package has redefined \expanded.
(etexcmds)             In the latter case, load this package earlier.
Package: kvsetkeys 2016/05/16 v1.17 Key value parser (HO)
Package: kvdefinekeys 2016/05/16 v1.4 Define keys (HO)
Package: pdftexcmds 2016/05/21 v0.22 Utility functions of pdfTeX for LuaTeX (HO
)
Package pdftexcmds Info: LuaTeX not detected.
Package pdftexcmds Info: pdfTeX >= 1.30 not detected.
Package pdftexcmds Info: \pdf@primitive is available.
Package pdftexcmds Info: \pdf@ifprimitive is available.
Package pdftexcmds Info: \pdfdraftmode not found.
Package: pdfescape 2016/05/16 v1.14 Implements pdfTeX's escape features (HO)
Package: bigintcalc 2016/05/16 v1.4 Expandable calculations on big integers (HO
)
Package: bitset 2016/05/16 v1.2 Handle bit-vector datatype (HO)
Package: uniquecounter 2016/05/16 v1.3 Provide unlimited unique counter (HO)
)
Package hobsub Info: Skipping package `hobsub' (already loaded).
Package: letltxmacro 2016/05/16 v1.5 Let assignment for LaTeX macros (HO)
Package: hopatch 2016/05/16 v1.3 Wrapper for package hooks (HO)
Package: xcolor-patch 2016/05/16 xcolor patch
Package: atveryend 2016/05/16 v1.9 Hooks at the very end of document (HO)
Package: atbegshi 2016/06/09 v1.18 At begin shipout hook (HO)
Package: refcount 2016/05/16 v3.5 Data extraction from label references (HO)
Package: hycolor 2016/05/16 v1.8 Color options for hyperref/bookmark (HO)
)
("C:\Program Files\MiKTeX 2.9\tex\latex\oberdiek\auxhook.sty"
Package: auxhook 2016/05/16 v1.4 Hooks for auxiliary files (HO)
)
("C:\Program Files\MiKTeX 2.9\tex\latex\oberdiek\kvoptions.sty"
Package: kvoptions 2016/05/16 v3.12 Key value format for package options (HO)
)
\@linkdim=\dimen147
\Hy@linkcounter=\count123
\Hy@pagecounter=\count124

("C:\Program Files\MiKTeX 2.9\tex\latex\hyperref\pd1enc.def"
File: pd1enc.def 2016/06/24 v6.83q Hyperref: PDFDocEncoding definition (HO)
)
\Hy@SavedSpaceFactor=\count125

("C:\Program Files\MiKTeX 2.9\tex\latex\00miktex\hyperref.cfg"
File: hyperref.cfg 2002/06/06 v1.2 hyperref configuration of TeXLive
)
Package hyperref Info: Hyper figures OFF on input line 4486.
Package hyperref Info: Link nesting OFF on input line 4491.
Package hyperref Info: Hyper index ON on input line 4494.
Package hyperref Info: Plain pages OFF on input line 4501.
Package hyperref Info: Backreferencing OFF on input line 4506.
Package hyperref Info: Implicit mode ON; LaTeX internals redefined.
Package hyperref Info: Bookmarks ON on input line 4735.
\c@Hy@tempcnt=\count126

("C:\Program Files\MiKTeX 2.9\tex\latex\url\url.sty"
\Urlmuskip=\muskip16
Package: url 2013/09/16  ver 3.4  Verb mode for urls, etc.
)
LaTeX Info: Redefining \url on input line 5088.
\XeTeXLinkMargin=\dimen148
\Fld@menulength=\count127
\Field@Width=\dimen149
\Fld@charsize=\dimen150
Package hyperref Info: Hyper figures OFF on input line 6342.
Package hyperref Info: Link nesting OFF on input line 6347.
Package hyperref Info: Hyper index ON on input line 6350.
Package hyperref Info: backreferencing OFF on input line 6357.
Package hyperref Info: Link coloring OFF on input line 6362.
Package hyperref Info: Link coloring with OCG OFF on input line 6367.
Package hyperref Info: PDF/A mode OFF on input line 6372.
LaTeX Info: Redefining \ref on input line 6412.
LaTeX Info: Redefining \pageref on input line 6416.
\Hy@abspage=\count128
\c@Item=\count129
\c@Hfootnote=\count130
)

Package hyperref Message: Driver (autodetected): hxetex.

("C:\Program Files\MiKTeX 2.9\tex\latex\hyperref\hxetex.def"
File: hxetex.def 2016/06/24 v6.83q Hyperref driver for XeTeX

("C:\Program Files\MiKTeX 2.9\tex\latex\hyperref\puenc.def"
File: puenc.def 2016/06/24 v6.83q Hyperref: PDF Unicode definition (HO)
)
("C:\Program Files\MiKTeX 2.9\tex\generic\oberdiek\stringenc.sty"
Package: stringenc 2016/05/16 v1.11 Convert strings between diff. encodings (HO
)
)
\pdfm@box=\box46
\c@Hy@AnnotLevel=\count131
\HyField@AnnotCount=\count132
\Fld@listcount=\count133
\c@bookmark@seq@number=\count134

("C:\Program Files\MiKTeX 2.9\tex\latex\oberdiek\rerunfilecheck.sty"
Package: rerunfilecheck 2016/05/16 v1.8 Rerun checks for auxiliary files (HO)
Package rerunfilecheck Info: Feature \pdfmdfivesum is not available
(rerunfilecheck)             (e.g. pdfTeX or LuaTeX with package `pdftexcmds').

(rerunfilecheck)             Therefore file contents cannot be checked efficien
tly
(rerunfilecheck)             and the loading of the package is aborted.
)
\Hy@SectionHShift=\skip51
)
Package hyperref Info: Option `colorlinks' set `true' on input line 17.

("C:\Program Files\MiKTeX 2.9\tex\generic\oberdiek\se-ascii-print.def"
File: se-ascii-print.def 2016/05/16 v1.11 stringenc: Printable ASCII characters

)
(tul.sty
Package: tul 2016/10/10 version 1.3
 ("C:\Program Files\MiKTeX 2.9\tex\latex\base\ifthen.sty"
Package: ifthen 2014/09/29 v1.1c Standard LaTeX ifthen package (DPC)
)
("C:\Program Files\MiKTeX 2.9\tex\latex\xcolor\xcolor.sty"
Package: xcolor 2016/05/11 v2.12 LaTeX color extensions (UK)

("C:\Program Files\MiKTeX 2.9\tex\latex\00miktex\color.cfg"
File: color.cfg 2016/01/02 v1.6 sample color configuration
)
Package xcolor Info: Driver file: xetex.def on input line 225.
Package xcolor Info: Model `cmy' substituted by `cmy0' on input line 1348.
Package xcolor Info: Model `RGB' extended on input line 1364.
Package xcolor Info: Model `HTML' substituted by `rgb' on input line 1366.
Package xcolor Info: Model `Hsb' substituted by `hsb' on input line 1367.
Package xcolor Info: Model `tHsb' substituted by `hsb' on input line 1368.
Package xcolor Info: Model `HSB' substituted by `hsb' on input line 1369.
Package xcolor Info: Model `Gray' substituted by `gray' on input line 1370.
Package xcolor Info: Model `wave' substituted by `hsb' on input line 1371.
)
\oddp@geshift=\skip52
\evenp@geshift=\skip53
\oddsp@jline=\skip54
\evensp@jline=\skip55
\b@tt@mtextwidth=\skip56

("C:\Program Files\MiKTeX 2.9\tex\latex\fancyhdr\fancyhdr.sty"
Package: fancyhdr 2016/09/06 3.8 Extensive control of page headers and footers
\fancy@headwidth=\skip57
\f@ncyO@elh=\skip58
\f@ncyO@erh=\skip59
\f@ncyO@olh=\skip60
\f@ncyO@orh=\skip61
\f@ncyO@elf=\skip62
\f@ncyO@erf=\skip63
\f@ncyO@olf=\skip64
\f@ncyO@orf=\skip65
)
\@drb@x=\box47
\@drwidth=\skip66
\@drlinewidth=\skip67

("C:\Program Files\MiKTeX 2.9\tex\latex\titlesec\titlesec.sty"
Package: titlesec 2016/03/21 v2.10.2 Sectioning titles
\ttl@box=\box48
\beforetitleunit=\skip68
\aftertitleunit=\skip69
\ttl@plus=\dimen151
\ttl@minus=\dimen152
\ttl@toksa=\toks22
\titlewidth=\dimen153
\titlewidthlast=\dimen154
\titlewidthfirst=\dimen155
)
\@uthb@x=\box49
\@uthwidth=\skip70
\@uthheight=\skip71
\@uthdepth=\skip72
\@uthleftwidth=\skip73
\titleb@x=\box50
\title@height=\skip74
\dateb@x=\box51
\date@height=\skip75
\tul@tmp=\skip76
\g__fontspec_family_MyriadPro_int=\count135
.................................................
. fontspec info: "defining-font"
. 
. Font family 'MyriadPro(0)' created for font 'Myriad Pro' with options
. [Ligatures=TeX,Mapping=tex-text,BoldFont={* Bold}].
. 
. This font family consists of the following NFSS series/shapes:
. - 'normal' (m/n) with NFSS spec.: <->"Myriad
. Pro/OT:script=latn;language=DFLT;mapping=tex-text;mapping=tex-text;"
. - 'small caps'  (m/sc) with NFSS spec.: - 'bold' (bx/n) with NFSS spec.:
. <->"Myriad Pro
. Bold/OT:script=latn;language=DFLT;mapping=tex-text;mapping=tex-text;"
. - 'bold small caps'  (bx/sc) with NFSS spec.: - 'italic' (m/it) with NFSS
. spec.: <->"Myriad
. Pro/I/OT:script=latn;language=DFLT;mapping=tex-text;mapping=tex-text;"
. - 'italic small caps'  (m/itsc) with NFSS spec.: - 'bold italic' (bx/it)
. with NFSS spec.: <->"Myriad Pro
. Bold/I/OT:script=latn;language=DFLT;mapping=tex-text;mapping=tex-text;"
. - 'bold italic small caps'  (bx/itsc) with NFSS spec.: 
.................................................
)
LaTeX Font Info:    Font shape `EU1/MyriadPro(0)/m/sl' in size <10> not availab
le
(Font)              Font shape `EU1/MyriadPro(0)/m/it' tried instead on input l
ine 21.
LaTeX Font Info:    External font `cmex10' loaded for size
(Font)              <7> on input line 21.
LaTeX Font Info:    External font `cmex10' loaded for size
(Font)              <5> on input line 21.
LaTeX Info: Redefining \LaTeX on input line 39.
LaTeX Info: Redefining \LaTeXe on input line 49.
LaTeX Info: Redefining \XeLaTeX on input line 50.

No file manual-tul.aux.
\openout1 = `manual-tul.aux'.

LaTeX Font Info:    Checking defaults for OML/cmm/m/it on input line 64.
LaTeX Font Info:    ... okay on input line 64.
LaTeX Font Info:    Checking defaults for T1/cmr/m/n on input line 64.
LaTeX Font Info:    ... okay on input line 64.
LaTeX Font Info:    Checking defaults for OT1/cmr/m/n on input line 64.
LaTeX Font Info:    ... okay on input line 64.
LaTeX Font Info:    Checking defaults for OMS/cmsy/m/n on input line 64.
LaTeX Font Info:    ... okay on input line 64.
LaTeX Font Info:    Checking defaults for OMX/cmex/m/n on input line 64.
LaTeX Font Info:    ... okay on input line 64.
LaTeX Font Info:    Checking defaults for U/cmr/m/n on input line 64.
LaTeX Font Info:    ... okay on input line 64.
LaTeX Font Info:    Checking defaults for EU1/lmr/m/n on input line 64.
LaTeX Font Info:    ... okay on input line 64.
LaTeX Font Info:    Checking defaults for T3/cmr/m/n on input line 64.
LaTeX Font Info:    Try loading font information for T3+cmr on input line 64.
("C:\Program Files\MiKTeX 2.9\tex\latex\tipa\t3cmr.fd"
File: t3cmr.fd 2001/12/31 TIPA font definitions
)
LaTeX Font Info:    ... okay on input line 64.
LaTeX Font Info:    Checking defaults for PD1/pdf/m/n on input line 64.
LaTeX Font Info:    ... okay on input line 64.
LaTeX Font Info:    Checking defaults for PU/pdf/m/n on input line 64.
LaTeX Font Info:    ... okay on input line 64.
.................................................
. fontspec info: "setup-math"
. 
. Adjusting the maths setup (use [no-math] to avoid this).
.................................................
\symlegacymaths=\mathgroup4
LaTeX Font Info:    Overwriting symbol font `legacymaths' in version `bold'
(Font)                  OT1/cmr/m/n --> OT1/cmr/bx/n on input line 64.
LaTeX Font Info:    Redeclaring math accent \acute on input line 64.
LaTeX Font Info:    Redeclaring math accent \grave on input line 64.
LaTeX Font Info:    Redeclaring math accent \ddot on input line 64.
LaTeX Font Info:    Redeclaring math accent \tilde on input line 64.
LaTeX Font Info:    Redeclaring math accent \bar on input line 64.
LaTeX Font Info:    Redeclaring math accent \breve on input line 64.
LaTeX Font Info:    Redeclaring math accent \check on input line 64.
LaTeX Font Info:    Redeclaring math accent \hat on input line 64.
LaTeX Font Info:    Redeclaring math accent \dot on input line 64.
LaTeX Font Info:    Redeclaring math accent \mathring on input line 64.
LaTeX Font Info:    Redeclaring math symbol \colon on input line 64.
LaTeX Font Info:    Redeclaring math symbol \Gamma on input line 64.
LaTeX Font Info:    Redeclaring math symbol \Delta on input line 64.
LaTeX Font Info:    Redeclaring math symbol \Theta on input line 64.
LaTeX Font Info:    Redeclaring math symbol \Lambda on input line 64.
LaTeX Font Info:    Redeclaring math symbol \Xi on input line 64.
LaTeX Font Info:    Redeclaring math symbol \Pi on input line 64.
LaTeX Font Info:    Redeclaring math symbol \Sigma on input line 64.
LaTeX Font Info:    Redeclaring math symbol \Upsilon on input line 64.
LaTeX Font Info:    Redeclaring math symbol \Phi on input line 64.
LaTeX Font Info:    Redeclaring math symbol \Psi on input line 64.
LaTeX Font Info:    Redeclaring math symbol \Omega on input line 64.
LaTeX Font Info:    Redeclaring math symbol \mathdollar on input line 64.
LaTeX Font Info:    Redeclaring symbol font `operators' on input line 64.
LaTeX Font Info:    Encoding `OT1' has changed to `EU1' for symbol font
(Font)              `operators' in the math version `normal' on input line 64.
LaTeX Font Info:    Overwriting symbol font `operators' in version `normal'
(Font)                  OT1/cmr/m/n --> EU1/MyriadPro(0)/m/n on input line 64.
LaTeX Font Info:    Encoding `OT1' has changed to `EU1' for symbol font
(Font)              `operators' in the math version `bold' on input line 64.
LaTeX Font Info:    Overwriting symbol font `operators' in version `bold'
(Font)                  OT1/cmr/bx/n --> EU1/MyriadPro(0)/m/n on input line 64.

LaTeX Font Info:    Overwriting symbol font `operators' in version `normal'
(Font)                  EU1/MyriadPro(0)/m/n --> EU1/MyriadPro(0)/m/n on input 
line 64.
LaTeX Font Info:    Overwriting math alphabet `\mathit' in version `normal'
(Font)                  OT1/cmr/m/it --> EU1/MyriadPro(0)/m/it on input line 64
.
LaTeX Font Info:    Overwriting math alphabet `\mathbf' in version `normal'
(Font)                  OT1/cmr/bx/n --> EU1/MyriadPro(0)/bx/n on input line 64
.
LaTeX Font Info:    Overwriting math alphabet `\mathsf' in version `normal'
(Font)                  OT1/cmss/m/n --> EU1/MyriadPro(0)/m/n on input line 64.

LaTeX Font Info:    Overwriting math alphabet `\mathtt' in version `normal'
(Font)                  OT1/cmtt/m/n --> EU1/lmtt/m/n on input line 64.
LaTeX Font Info:    Overwriting symbol font `operators' in version `bold'
(Font)                  EU1/MyriadPro(0)/m/n --> EU1/MyriadPro(0)/bx/n on input
 line 64.
LaTeX Font Info:    Overwriting math alphabet `\mathit' in version `bold'
(Font)                  OT1/cmr/bx/it --> EU1/MyriadPro(0)/bx/it on input line 
64.
LaTeX Font Info:    Overwriting math alphabet `\mathsf' in version `bold'
(Font)                  OT1/cmss/bx/n --> EU1/MyriadPro(0)/bx/n on input line 6
4.
LaTeX Font Info:    Overwriting math alphabet `\mathtt' in version `bold'
(Font)                  OT1/cmtt/m/n --> EU1/lmtt/bx/n on input line 64.
\AtBeginShipoutBox=\box52
Package hyperref Info: Link coloring ON on input line 64.

("C:\Program Files\MiKTeX 2.9\tex\latex\hyperref\nameref.sty"
Package: nameref 2016/05/21 v2.44 Cross-referencing by name of section

("C:\Program Files\MiKTeX 2.9\tex\generic\oberdiek\gettitlestring.sty"
Package: gettitlestring 2016/05/16 v1.5 Cleanup title references (HO)
)
\c@section@level=\count136
)
LaTeX Info: Redefining \ref on input line 64.
LaTeX Info: Redefining \pageref on input line 64.
LaTeX Info: Redefining \nameref on input line 64.
\@outlinefile=\write3
\openout3 = `manual-tul.out'.



Package hyperref Warning: Rerun to get /PageLabels entry.

LaTeX Font Info:    External font `cmex10' loaded for size
(Font)              <24.88> on input line 68.
LaTeX Font Info:    External font `cmex10' loaded for size
(Font)              <20.74> on input line 68.
LaTeX Font Info:    External font `cmex10' loaded for size
(Font)              <17.28> on input line 68.
LaTeX Font Info:    External font `cmex10' loaded for size
(Font)              <12> on input line 68.
LaTeX Font Info:    External font `cmex10' loaded for size
(Font)              <8> on input line 68.
LaTeX Font Info:    External font `cmex10' loaded for size
(Font)              <6> on input line 68.
\vertshift=\skip77
\vertsize=\skip78
File: logo-tul.pdf Graphic file (type QTm)
<use  "logo-tul.pdf" >
Underfull \hbox (badness 10000) in paragraph at lines 68--68

 []

[1

]
LaTeX Font Info:    Try loading font information for EU1+lmtt on input line 71.

 ("C:\Program Files\MiKTeX 2.9\tex\latex\euenc\eu1lmtt.fd"
File: eu1lmtt.fd 2009/10/30 v1.6 Font defs for Latin Modern
) [2]

LaTeX Warning: Reference `pisma' on page 3 undefined on input line 151.


LaTeX Warning: Reference `pisma' on page 3 undefined on input line 151.

[3]
File: logo-tul.pdf Graphic file (type QTm)
 <use  "logo-tul.pdf" >
File: logo-tul-2.pdf Graphic file (type QTm)
 <use  "logo-tul-2.pdf" >
File: logo-fs.pdf Graphic file (type QTm)
 <use  "logo-fs.pdf" >
File: logo-ft.pdf Graphic file (type QTm)

<use  "logo-ft.pdf" >
File: logo-fp.pdf Graphic file (type QTm)
 <use  "logo-fp.pdf" >
File: logo-ef.pdf Graphic file (type QTm)
 <use  "logo-ef.pdf" >
File: logo-fa.pdf Graphic file (type QTm)

<use  "logo-fa.pdf" >
File: logo-fm.pdf Graphic file (type QTm)
 <use  "logo-fm.pdf" > [4]
File: logo-cxi.pdf Graphic file (type QTm)
 <use  "logo-cxi.pdf" >
File: logo-fzs.pdf Graphic file (type QTm)

<use  "logo-fzs.pdf" >
File: znak-tul.pdf Graphic file (type QTm)
 <use  "znak-tul.pdf" >
File: znak-tul-bw.pdf Graphic file (type QTm)
 <use  "znak-tul-bw.pdf" >
File: logo-tul-en.pdf Graphic file (type QTm)

<use  "logo-tul-en.pdf" >
File: logo-tul-2-en.pdf Graphic file (type QTm)
 <use  "logo-tul-2-en.pdf" > [5]
File: logo-fs-en.pdf Graphic file (type QTm)

<use  "logo-fs-en.pdf" >
File: logo-ft-en.pdf Graphic file (type QTm)
 <use  "logo-ft-en.pdf" >
File: logo-fp-en.pdf Graphic file (type QTm)
 <use  "logo-fp-en.pdf" >
File: logo-ef-en.pdf Graphic file (type QTm)

<use  "logo-ef-en.pdf" >
File: logo-fa-en.pdf Graphic file (type QTm)
 <use  "logo-fa-en.pdf" >
File: logo-fm-en.pdf Graphic file (type QTm)
 <use  "logo-fm-en.pdf" >
File: logo-cxi-en.pdf Graphic file (type QTm)

<use  "logo-cxi-en.pdf" >
File: logo-fzs-en.pdf Graphic file (type QTm)
 <use  "logo-fzs-en.pdf" > [6]
Underfull \hbox (badness 3838) in paragraph at lines 312--318
[]\EU1/MyriadPro(0)/m/n/12 Pokud je aktivní []\EU1/lmtt/m/n/12 \TULfooter[] \EU
1/MyriadPro(0)/m/n/12 nebo []\EU1/lmtt/m/n/12 \TULfooternopage[]\EU1/MyriadPro(
0)/m/n/12 , lze příkazy []\EU1/lmtt/m/n/12 \footaddress[] \EU1/MyriadPro(0)/m/n
/12 a
 []

[7] [8]
Package atveryend Info: Empty hook `BeforeClearDocument' on input line 422.
 [9]
Package atveryend Info: Empty hook `AfterLastShipout' on input line 422.
 (manual-tul.aux)
Package atveryend Info: Empty hook `AtVeryEndDocument' on input line 422.
Package atveryend Info: Empty hook `AtEndAfterFileList' on input line 422.


LaTeX Warning: There were undefined references.


LaTeX Warning: Label(s) may have changed. Rerun to get cross-references right.

 ) 
Here is how much of TeX's memory you used:
 22416 strings out of 428408
 394384 string characters out of 3160623
 432382 words of memory out of 3000000
 25652 multiletter control sequences out of 15000+200000
 9710 words of font info for 62 fonts, out of 3000000 for 9000
 1328 hyphenation exceptions out of 8191
 53i,16n,67p,10422b,431s stack positions out of 5000i,500n,10000p,200000b,50000s

Output written on manual-tul.pdf (9 pages).
